make all --print-data-base --no-builtin-variables --no-builtin-rules --question
# GNU Make 4.3
# Built for x86_64-pc-linux-gnu
# Copyright (C) 1988-2020 Free Software Foundation, Inc.
# License GPLv3+: GNU GPL version 3 or later <http://gnu.org/licenses/gpl.html>
# This is free software: you are free to change and redistribute it.
# There is NO WARRANTY, to the extent permitted by law.

# Make data base, printed on Tue Mar 28 23:02:59 2023

# Variables

# environment
LC_ALL = C
# environment
VSCODE_CWD = /home/jchoe2
# default
MAKE_COMMAND := make
# environment
VSCODE_HANDLES_SIGPIPE = true
# automatic
@D = $(patsubst %/,%,$(dir $@))
# environment
VSCODE_HANDLES_UNCAUGHT_ERRORS = true
# default
.VARIABLES := 
# environment
PWD = /home/jchoe2/cs220/proj02-taestii
# automatic
%D = $(patsubst %/,%,$(dir $%))
# automatic
^D = $(patsubst %/,%,$(dir $^))
# automatic
%F = $(notdir $%)
# environment
LANG = C
# default
.LOADED := 
# default
.INCLUDE_DIRS = /usr/local/include /usr/include /usr/include
# makefile
MAKEFLAGS = pqrR
# makefile
CURDIR := /home/jchoe2/cs220/proj02-taestii
# environment
APPLICATION_INSIGHTS_NO_DIAGNOSTIC_CHANNEL = 1
# automatic
*D = $(patsubst %/,%,$(dir $*))
# environment
MFLAGS = -pqrR
# default
.SHELLFLAGS := -c
# automatic
+D = $(patsubst %/,%,$(dir $+))
# makefile (from 'Makefile', line 1)
MAKEFILE_LIST := Makefile
# automatic
@F = $(notdir $@)
# environment
KRB5CCNAME = FILE:/tmp/krb5cc_15990_RlMzVfuQOp
# environment
XDG_SESSION_TYPE = tty
# automatic
?D = $(patsubst %/,%,$(dir $?))
# automatic
*F = $(notdir $*)
# environment
DBUS_SESSION_BUS_ADDRESS = unix:path=/run/user/15990/bus
# automatic
<D = $(patsubst %/,%,$(dir $<))
# environment
VSCODE_NLS_CONFIG = {"locale":"en","availableLanguages":{}}
# default
MAKE_HOST := x86_64-pc-linux-gnu
# makefile
SHELL = /bin/sh
# default
MAKECMDGOALS := all
# environment
SHLVL = 0
# environment
MAKELEVEL := 0
# default
MAKE = $(MAKE_COMMAND)
# environment
PATH = /home/jchoe2/.vscode-server/bin/ee2b180d582a7f601fa6ecfdad8d9fd269ab1884/bin/remote-cli:/usr/local/bin:/usr/bin:/bin:/usr/games
# default
MAKEFILES := 
# environment
MOTD_SHOWN = pam
# automatic
^F = $(notdir $^)
# environment
SSH_CLIENT = 128.226.227.103 51133 22
# automatic
?F = $(notdir $?)
# automatic
+F = $(notdir $+)
# 'override' directive
GNUMAKEFLAGS := 
# environment
BROWSER = /home/jchoe2/.vscode-server/bin/ee2b180d582a7f601fa6ecfdad8d9fd269ab1884/bin/helpers/browser.sh
# environment
LOGNAME = jchoe2
# makefile
.DEFAULT_GOAL := test
# environment
USER = jchoe2
# default
MAKE_VERSION := 4.3
# makefile (from 'Makefile', line 3)
LDFLAGS = -lm
# environment
VSCODE_AGENT_FOLDER = /home/jchoe2/.vscode-server
# environment
_ = /home/jchoe2/.vscode-server/bin/ee2b180d582a7f601fa6ecfdad8d9fd269ab1884/bin/code-server
# environment
XDG_RUNTIME_DIR = /run/user/15990
# makefile (from 'Makefile', line 2)
CFLAGS = -Wall -std=c18 -ggdb
# environment
VSCODE_IPC_HOOK_CLI = /run/user/15990/vscode-ipc-63055d1b-5ae9-4033-bf0b-d97fe47455f5.sock
# environment
XDG_SESSION_CLASS = user
# environment
VSCODE_AMD_ENTRYPOINT = vs/workbench/api/node/extensionHostProcess
# environment
HOME = /home/jchoe2
# environment
ELECTRON_RUN_AS_NODE = 1
# environment
XDG_SESSION_ID = 465815
# default
.RECIPEPREFIX := 
# automatic
<F = $(notdir $<)
# default
SUFFIXES := 
# default
.FEATURES := target-specific order-only second-expansion else-if shortest-stem undefine oneshell nocomment grouped-target extra-prereqs archives jobserver output-sync check-symlink load
# makefile (from 'Makefile', line 1)
CC = gcc
# environment
SSH_CONNECTION = 128.226.227.103 51133 128.226.114.207 22
# variable set hash-table stats:
# Load=66/1024=6%, Rehash=0, Collisions=1/96=1%

# Pattern-specific Variable Values

# No pattern-specific variable values.

# Directories

# . (device 53, inode 82357897081): 15 files, no impossibilities.

# 15 files, no impossibilities in 1 directories.

# Implicit Rules

# No implicit rules.

# Files

# Not a target:
floatx.c:
#  Implicit rule search has not been done.
#  Modification time never checked.
#  File has not been updated.

# Not a target:
Makefile:
#  Implicit rule search has been done.
#  Last modified 2023-03-27 20:29:11.652987657
#  File has been updated.
#  Successfully updated.

clean:
#  Implicit rule search has not been done.
#  Modification time never checked.
#  File has not been updated.
#  recipe to execute (from 'Makefile', line 17):
	-rm testFloatx

# Not a target:
floatx.h:
#  Implicit rule search has not been done.
#  Modification time never checked.
#  File has not been updated.

# Not a target:
testFloatx.c:
#  Implicit rule search has not been done.
#  Modification time never checked.
#  File has not been updated.

# Not a target:
.DEFAULT:
#  Implicit rule search has not been done.
#  Modification time never checked.
#  File has not been updated.

# Not a target:
all:
#  Command line target.
#  Implicit rule search has been done.
#  File does not exist.
#  File has not been updated.

test: testFloatx
#  Implicit rule search has not been done.
#  Modification time never checked.
#  File has not been updated.
#  recipe to execute (from 'Makefile', line 6):
	./testFloatx 32 8 <test1.txt
	./testFloatx 16 4 <test1.txt
	./testFloatx 64 11 <test1.txt
	

testFloatx: testFloatx.c floatx.c floatx.h
#  Implicit rule search has not been done.
#  Modification time never checked.
#  File has not been updated.
#  recipe to execute (from 'Makefile', line 14):
	$(CC) $(CFLAGS) -o testFloatx  testFloatx.c floatx.c ${LDFLAGS}
	

gdb: testFloatx
#  Implicit rule search has not been done.
#  Modification time never checked.
#  File has not been updated.
#  recipe to execute (from 'Makefile', line 11):
	gdb -ex "break doubleToFloatx" -ex "run" --args ./testFloatx 16 4
	

# files hash-table stats:
# Load=11/1024=1%, Rehash=0, Collisions=0/27=0%
# VPATH Search Paths

# No 'vpath' search paths.

# No general ('VPATH' variable) search path.

# strcache buffers: 1 (0) / strings = 23 / storage = 206 B / avg = 8 B
# current buf: size = 8162 B / used = 206 B / count = 23 / avg = 8 B

# strcache performance: lookups = 37 / hit rate = 37%
# hash-table stats:
# Load=23/8192=0%, Rehash=0, Collisions=0/37=0%
# Finished Make data base on Tue Mar 28 23:02:59 2023

 
make: *** No rule to make target 'all'.  Stop.

